<?xml version="1.0" encoding="UTF-8"?>
<coverage generated="1734800096583" clover="3.2.0">
  <project timestamp="1734800096583" name="All files">
    <metrics statements="36" coveredstatements="25" conditionals="14" coveredconditionals="9" methods="13" coveredmethods="5" elements="63" coveredelements="39" complexity="0" loc="36" ncloc="36" packages="1" files="2" classes="2"/>
    <file name="Body.js" path="F:\gitgub repo\React---Tutorial\React---Tutorial\src\components\Body.js">
      <metrics statements="28" coveredstatements="18" conditionals="6" coveredconditionals="2" methods="10" coveredmethods="3"/>
      <line num="9" count="1" type="stmt"/>
      <line num="11" count="6" type="stmt"/>
      <line num="12" count="5" type="stmt"/>
      <line num="13" count="5" type="stmt"/>
      <line num="15" count="5" type="stmt"/>
      <line num="21" count="5" type="stmt"/>
      <line num="22" count="1" type="stmt"/>
      <line num="28" count="5" type="stmt"/>
      <line num="29" count="1" type="stmt"/>
      <line num="32" count="1" type="stmt"/>
      <line num="33" count="1" type="stmt"/>
      <line num="36" count="1" type="stmt"/>
      <line num="38" count="1" type="stmt"/>
      <line num="39" count="1" type="stmt"/>
      <line num="43" count="5" type="stmt"/>
      <line num="45" count="5" type="cond" truecount="1" falsecount="1"/>
      <line num="46" count="0" type="stmt"/>
      <line num="52" count="5" type="stmt"/>
      <line num="60" count="5" type="cond" truecount="1" falsecount="1"/>
      <line num="72" count="0" type="stmt"/>
      <line num="79" count="0" type="stmt"/>
      <line num="81" count="0" type="stmt"/>
      <line num="83" count="0" type="stmt"/>
      <line num="97" count="0" type="stmt"/>
      <line num="98" count="0" type="stmt"/>
      <line num="100" count="0" type="stmt"/>
      <line num="112" count="0" type="stmt"/>
      <line num="130" count="0" type="stmt"/>
    </file>
    <file name="RestaurantCard.js" path="F:\gitgub repo\React---Tutorial\React---Tutorial\src\components\RestaurantCard.js">
      <metrics statements="8" coveredstatements="7" conditionals="8" coveredconditionals="7" methods="3" coveredmethods="2"/>
      <line num="6" count="2" type="stmt"/>
      <line num="24" count="2" type="stmt"/>
      <line num="25" count="1" type="stmt"/>
      <line num="35" count="1" type="stmt"/>
      <line num="39" count="1" type="stmt"/>
      <line num="62" count="2" type="stmt"/>
      <line num="63" count="5" type="stmt"/>
      <line num="64" count="0" type="stmt"/>
    </file>
  </project>
</coverage>
