{"F:\\gitgub repo\\React---Tutorial\\React---Tutorial\\src\\components\\Body.js": {"path":"F:\\gitgub repo\\React---Tutorial\\React---Tutorial\\src\\components\\Body.js","statementMap":{"0":{"start":{"line":9,"column":13},"end":{"line":145,"column":1}},"1":{"start":{"line":11,"column":52},"end":{"line":11,"column":64}},"2":{"start":{"line":12,"column":54},"end":{"line":12,"column":66}},"3":{"start":{"line":13,"column":38},"end":{"line":13,"column":50}},"4":{"start":{"line":15,"column":33},"end":{"line":15,"column":66}},"5":{"start":{"line":21,"column":2},"end":{"line":23,"column":9}},"6":{"start":{"line":22,"column":4},"end":{"line":22,"column":16}},"7":{"start":{"line":28,"column":20},"end":{"line":40,"column":3}},"8":{"start":{"line":29,"column":17},"end":{"line":31,"column":5}},"9":{"start":{"line":32,"column":17},"end":{"line":32,"column":34}},"10":{"start":{"line":33,"column":4},"end":{"line":33,"column":22}},"11":{"start":{"line":36,"column":6},"end":{"line":37,"column":21}},"12":{"start":{"line":38,"column":4},"end":{"line":38,"column":38}},"13":{"start":{"line":39,"column":4},"end":{"line":39,"column":39}},"14":{"start":{"line":43,"column":23},"end":{"line":43,"column":40}},"15":{"start":{"line":45,"column":2},"end":{"line":50,"column":6}},"16":{"start":{"line":46,"column":4},"end":{"line":50,"column":6}},"17":{"start":{"line":52,"column":40},"end":{"line":52,"column":63}},"18":{"start":{"line":60,"column":2},"end":{"line":144,"column":4}},"19":{"start":{"line":72,"column":14},"end":{"line":72,"column":44}},"20":{"start":{"line":79,"column":41},"end":{"line":82,"column":15}},"21":{"start":{"line":81,"column":18},"end":{"line":81,"column":80}},"22":{"start":{"line":83,"column":14},"end":{"line":83,"column":56}},"23":{"start":{"line":97,"column":31},"end":{"line":99,"column":15}},"24":{"start":{"line":98,"column":25},"end":{"line":98,"column":50}},"25":{"start":{"line":100,"column":14},"end":{"line":100,"column":46}},"26":{"start":{"line":112,"column":29},"end":{"line":112,"column":56}},"27":{"start":{"line":130,"column":10},"end":{"line":140,"column":17}}},"fnMap":{"0":{"name":"(anonymous_0)","decl":{"start":{"line":9,"column":13},"end":{"line":9,"column":14}},"loc":{"start":{"line":9,"column":19},"end":{"line":145,"column":1}},"line":9},"1":{"name":"(anonymous_1)","decl":{"start":{"line":21,"column":12},"end":{"line":21,"column":13}},"loc":{"start":{"line":21,"column":18},"end":{"line":23,"column":3}},"line":21},"2":{"name":"(anonymous_2)","decl":{"start":{"line":28,"column":20},"end":{"line":28,"column":21}},"loc":{"start":{"line":28,"column":32},"end":{"line":40,"column":3}},"line":28},"3":{"name":"(anonymous_3)","decl":{"start":{"line":71,"column":22},"end":{"line":71,"column":23}},"loc":{"start":{"line":71,"column":29},"end":{"line":73,"column":13}},"line":71},"4":{"name":"(anonymous_4)","decl":{"start":{"line":77,"column":21},"end":{"line":77,"column":22}},"loc":{"start":{"line":77,"column":27},"end":{"line":84,"column":13}},"line":77},"5":{"name":"(anonymous_5)","decl":{"start":{"line":80,"column":16},"end":{"line":80,"column":17}},"loc":{"start":{"line":81,"column":18},"end":{"line":81,"column":80}},"line":81},"6":{"name":"(anonymous_6)","decl":{"start":{"line":94,"column":21},"end":{"line":94,"column":22}},"loc":{"start":{"line":94,"column":27},"end":{"line":101,"column":13}},"line":94},"7":{"name":"(anonymous_7)","decl":{"start":{"line":98,"column":16},"end":{"line":98,"column":17}},"loc":{"start":{"line":98,"column":25},"end":{"line":98,"column":50}},"line":98},"8":{"name":"(anonymous_8)","decl":{"start":{"line":112,"column":22},"end":{"line":112,"column":23}},"loc":{"start":{"line":112,"column":29},"end":{"line":112,"column":56}},"line":112},"9":{"name":"(anonymous_9)","decl":{"start":{"line":129,"column":32},"end":{"line":129,"column":33}},"loc":{"start":{"line":130,"column":10},"end":{"line":140,"column":17}},"line":130}},"branchMap":{"0":{"loc":{"start":{"line":45,"column":2},"end":{"line":50,"column":6}},"type":"if","locations":[{"start":{"line":45,"column":2},"end":{"line":50,"column":6}},{"start":{},"end":{}}],"line":45},"1":{"loc":{"start":{"line":60,"column":9},"end":{"line":144,"column":3}},"type":"cond-expr","locations":[{"start":{"line":61,"column":4},"end":{"line":61,"column":15}},{"start":{"line":63,"column":4},"end":{"line":143,"column":10}}],"line":60},"2":{"loc":{"start":{"line":135,"column":13},"end":{"line":139,"column":13}},"type":"cond-expr","locations":[{"start":{"line":136,"column":14},"end":{"line":136,"column":67}},{"start":{"line":138,"column":14},"end":{"line":138,"column":59}}],"line":135}},"s":{"0":1,"1":6,"2":5,"3":5,"4":5,"5":5,"6":1,"7":5,"8":1,"9":1,"10":1,"11":1,"12":1,"13":1,"14":5,"15":5,"16":0,"17":5,"18":5,"19":0,"20":0,"21":0,"22":0,"23":0,"24":0,"25":0,"26":0,"27":0},"f":{"0":6,"1":1,"2":1,"3":0,"4":0,"5":0,"6":0,"7":0,"8":0,"9":0},"b":{"0":[0,5],"1":[1,0],"2":[0,0]},"_coverageSchema":"1a1c01bbd47fc00a2c39e90264f33305004495a9","hash":"976ce31b77901b39da48531dce59c54814fae23a"}
,"F:\\gitgub repo\\React---Tutorial\\React---Tutorial\\src\\components\\RestaurantCard.js": {"path":"F:\\gitgub repo\\React---Tutorial\\React---Tutorial\\src\\components\\RestaurantCard.js","statementMap":{"0":{"start":{"line":6,"column":18},"end":{"line":8,"column":1}},"1":{"start":{"line":24,"column":23},"end":{"line":56,"column":1}},"2":{"start":{"line":25,"column":22},"end":{"line":25,"column":27}},"3":{"start":{"line":35,"column":6},"end":{"line":35,"column":13}},"4":{"start":{"line":39,"column":2},"end":{"line":55,"column":4}},"5":{"start":{"line":62,"column":33},"end":{"line":72,"column":1}},"6":{"start":{"line":63,"column":2},"end":{"line":71,"column":4}},"7":{"start":{"line":64,"column":4},"end":{"line":70,"column":6}}},"fnMap":{"0":{"name":"(anonymous_0)","decl":{"start":{"line":24,"column":23},"end":{"line":24,"column":24}},"loc":{"start":{"line":24,"column":34},"end":{"line":56,"column":1}},"line":24},"1":{"name":"(anonymous_1)","decl":{"start":{"line":62,"column":33},"end":{"line":62,"column":34}},"loc":{"start":{"line":62,"column":53},"end":{"line":72,"column":1}},"line":62},"2":{"name":"(anonymous_2)","decl":{"start":{"line":63,"column":9},"end":{"line":63,"column":10}},"loc":{"start":{"line":63,"column":20},"end":{"line":71,"column":3}},"line":63}},"branchMap":{"0":{"loc":{"start":{"line":29,"column":4},"end":{"line":29,"column":26}},"type":"default-arg","locations":[{"start":{"line":29,"column":24},"end":{"line":29,"column":26}}],"line":29},"1":{"loc":{"start":{"line":30,"column":4},"end":{"line":30,"column":31}},"type":"default-arg","locations":[{"start":{"line":30,"column":11},"end":{"line":30,"column":31}}],"line":30},"2":{"loc":{"start":{"line":31,"column":4},"end":{"line":31,"column":17}},"type":"default-arg","locations":[{"start":{"line":31,"column":15},"end":{"line":31,"column":17}}],"line":31},"3":{"loc":{"start":{"line":32,"column":4},"end":{"line":32,"column":27}},"type":"default-arg","locations":[{"start":{"line":32,"column":16},"end":{"line":32,"column":27}}],"line":32},"4":{"loc":{"start":{"line":33,"column":4},"end":{"line":33,"column":35}},"type":"default-arg","locations":[{"start":{"line":33,"column":17},"end":{"line":33,"column":35}}],"line":33},"5":{"loc":{"start":{"line":34,"column":4},"end":{"line":34,"column":24}},"type":"default-arg","locations":[{"start":{"line":34,"column":19},"end":{"line":34,"column":24}}],"line":34},"6":{"loc":{"start":{"line":48,"column":9},"end":{"line":48,"column":75}},"type":"cond-expr","locations":[{"start":{"line":48,"column":31},"end":{"line":48,"column":50}},{"start":{"line":48,"column":53},"end":{"line":48,"column":75}}],"line":48}},"s":{"0":2,"1":2,"2":1,"3":1,"4":1,"5":2,"6":5,"7":0},"f":{"0":1,"1":5,"2":0},"b":{"0":[1],"1":[1],"2":[1],"3":[1],"4":[1],"5":[1],"6":[0,1]},"_coverageSchema":"1a1c01bbd47fc00a2c39e90264f33305004495a9","hash":"a1ed9ddeda040e08ef81341c701f0c1e2b49924c"}
}
