{"F:\\gitgub repo\\React---Tutorial\\React---Tutorial\\src\\components\\ContactUs.js": {"path":"F:\\gitgub repo\\React---Tutorial\\React---Tutorial\\src\\components\\ContactUs.js","statementMap":{"0":{"start":{"line":1,"column":18},"end":{"line":20,"column":1}},"1":{"start":{"line":2,"column":2},"end":{"line":19,"column":4}}},"fnMap":{"0":{"name":"(anonymous_0)","decl":{"start":{"line":1,"column":18},"end":{"line":1,"column":19}},"loc":{"start":{"line":1,"column":24},"end":{"line":20,"column":1}},"line":1}},"branchMap":{},"s":{"0":1,"1":4},"f":{"0":4},"b":{},"_coverageSchema":"1a1c01bbd47fc00a2c39e90264f33305004495a9","hash":"0fdb6e1aa66afee392320b6f23cd08ac3de0f794"}
,"F:\\gitgub repo\\React---Tutorial\\React---Tutorial\\src\\components\\Header.js": {"path":"F:\\gitgub repo\\React---Tutorial\\React---Tutorial\\src\\components\\Header.js","statementMap":{"0":{"start":{"line":8,"column":15},"end":{"line":60,"column":1}},"1":{"start":{"line":10,"column":32},"end":{"line":10,"column":49}},"2":{"start":{"line":12,"column":23},"end":{"line":12,"column":40}},"3":{"start":{"line":14,"column":27},"end":{"line":14,"column":50}},"4":{"start":{"line":17,"column":20},"end":{"line":17,"column":60}},"5":{"start":{"line":17,"column":43},"end":{"line":17,"column":59}},"6":{"start":{"line":19,"column":2},"end":{"line":59,"column":4}},"7":{"start":{"line":49,"column":14},"end":{"line":49,"column":79}}},"fnMap":{"0":{"name":"(anonymous_0)","decl":{"start":{"line":8,"column":15},"end":{"line":8,"column":16}},"loc":{"start":{"line":8,"column":21},"end":{"line":60,"column":1}},"line":8},"1":{"name":"(anonymous_1)","decl":{"start":{"line":17,"column":32},"end":{"line":17,"column":33}},"loc":{"start":{"line":17,"column":43},"end":{"line":17,"column":59}},"line":17},"2":{"name":"(anonymous_2)","decl":{"start":{"line":48,"column":21},"end":{"line":48,"column":22}},"loc":{"start":{"line":48,"column":27},"end":{"line":50,"column":13}},"line":48}},"branchMap":{"0":{"loc":{"start":{"line":28,"column":30},"end":{"line":28,"column":66}},"type":"cond-expr","locations":[{"start":{"line":28,"column":45},"end":{"line":28,"column":53}},{"start":{"line":28,"column":56},"end":{"line":28,"column":66}}],"line":28},"1":{"loc":{"start":{"line":49,"column":14},"end":{"line":49,"column":78}},"type":"cond-expr","locations":[{"start":{"line":49,"column":36},"end":{"line":49,"column":56}},{"start":{"line":49,"column":59},"end":{"line":49,"column":78}}],"line":49}},"s":{"0":1,"1":5,"2":5,"3":5,"4":5,"5":9,"6":5,"7":1},"f":{"0":5,"1":9,"2":1},"b":{"0":[5,0],"1":[1,0]},"_coverageSchema":"1a1c01bbd47fc00a2c39e90264f33305004495a9","hash":"a034d55a8753382fbf167b216e2bb5c6d8b6903f"}
,"F:\\gitgub repo\\React---Tutorial\\React---Tutorial\\src\\components\\sum.js": {"path":"F:\\gitgub repo\\React---Tutorial\\React---Tutorial\\src\\components\\sum.js","statementMap":{"0":{"start":{"line":1,"column":19},"end":{"line":3,"column":1}},"1":{"start":{"line":2,"column":2},"end":{"line":2,"column":15}}},"fnMap":{"0":{"name":"(anonymous_0)","decl":{"start":{"line":1,"column":19},"end":{"line":1,"column":20}},"loc":{"start":{"line":1,"column":29},"end":{"line":3,"column":1}},"line":1}},"branchMap":{},"s":{"0":1,"1":1},"f":{"0":1},"b":{},"_coverageSchema":"1a1c01bbd47fc00a2c39e90264f33305004495a9","hash":"151723a5cacd98966417ecab9afa1d807368d304"}
,"F:\\gitgub repo\\React---Tutorial\\React---Tutorial\\src\\utils\\UserContext.js": {"path":"F:\\gitgub repo\\React---Tutorial\\React---Tutorial\\src\\utils\\UserContext.js","statementMap":{"0":{"start":{"line":3,"column":20},"end":{"line":5,"column":2}}},"fnMap":{},"branchMap":{},"s":{"0":1},"f":{},"b":{},"_coverageSchema":"1a1c01bbd47fc00a2c39e90264f33305004495a9","hash":"8d71038b3d6dd499c21642b89ca0fb14feee8b78"}
,"F:\\gitgub repo\\React---Tutorial\\React---Tutorial\\src\\utils\\appStore.js": {"path":"F:\\gitgub repo\\React---Tutorial\\React---Tutorial\\src\\utils\\appStore.js","statementMap":{"0":{"start":{"line":5,"column":17},"end":{"line":10,"column":2}}},"fnMap":{},"branchMap":{},"s":{"0":1},"f":{},"b":{},"_coverageSchema":"1a1c01bbd47fc00a2c39e90264f33305004495a9","hash":"f989a6b1cee97d6aa8458c0ac8fa78d380eb1eac"}
,"F:\\gitgub repo\\React---Tutorial\\React---Tutorial\\src\\utils\\cartSlice.js": {"path":"F:\\gitgub repo\\React---Tutorial\\React---Tutorial\\src\\utils\\cartSlice.js","statementMap":{"0":{"start":{"line":4,"column":18},"end":{"line":31,"column":2}},"1":{"start":{"line":12,"column":6},"end":{"line":12,"column":39}},"2":{"start":{"line":15,"column":6},"end":{"line":15,"column":24}},"3":{"start":{"line":20,"column":6},"end":{"line":20,"column":29}},"4":{"start":{"line":34,"column":50},"end":{"line":34,"column":67}}},"fnMap":{"0":{"name":"(anonymous_0)","decl":{"start":{"line":10,"column":13},"end":{"line":10,"column":14}},"loc":{"start":{"line":10,"column":32},"end":{"line":13,"column":5}},"line":10},"1":{"name":"(anonymous_1)","decl":{"start":{"line":14,"column":16},"end":{"line":14,"column":17}},"loc":{"start":{"line":14,"column":35},"end":{"line":16,"column":5}},"line":14},"2":{"name":"(anonymous_2)","decl":{"start":{"line":19,"column":15},"end":{"line":19,"column":16}},"loc":{"start":{"line":19,"column":26},"end":{"line":29,"column":5}},"line":19}},"branchMap":{},"s":{"0":1,"1":0,"2":0,"3":0,"4":1},"f":{"0":0,"1":0,"2":0},"b":{},"_coverageSchema":"1a1c01bbd47fc00a2c39e90264f33305004495a9","hash":"bb7e06663991e6f6809805827c6c2215d34c3760"}
,"F:\\gitgub repo\\React---Tutorial\\React---Tutorial\\src\\utils\\constants.js": {"path":"F:\\gitgub repo\\React---Tutorial\\React---Tutorial\\src\\utils\\constants.js","statementMap":{"0":{"start":{"line":2,"column":2},"end":{"line":2,"column":93}},"1":{"start":{"line":5,"column":2},"end":{"line":5,"column":80}},"2":{"start":{"line":8,"column":2},"end":{"line":8,"column":132}}},"fnMap":{},"branchMap":{},"s":{"0":1,"1":1,"2":1},"f":{},"b":{},"_coverageSchema":"1a1c01bbd47fc00a2c39e90264f33305004495a9","hash":"1bf658e5e8b94d725980b1c8add93070f31ce8d8"}
,"F:\\gitgub repo\\React---Tutorial\\React---Tutorial\\src\\utils\\useOnlineStatus.js": {"path":"F:\\gitgub repo\\React---Tutorial\\React---Tutorial\\src\\utils\\useOnlineStatus.js","statementMap":{"0":{"start":{"line":3,"column":24},"end":{"line":20,"column":1}},"1":{"start":{"line":4,"column":42},"end":{"line":4,"column":56}},"2":{"start":{"line":8,"column":2},"end":{"line":16,"column":9}},"3":{"start":{"line":9,"column":4},"end":{"line":11,"column":7}},"4":{"start":{"line":10,"column":6},"end":{"line":10,"column":29}},"5":{"start":{"line":13,"column":4},"end":{"line":15,"column":7}},"6":{"start":{"line":14,"column":6},"end":{"line":14,"column":28}},"7":{"start":{"line":19,"column":2},"end":{"line":19,"column":22}}},"fnMap":{"0":{"name":"(anonymous_0)","decl":{"start":{"line":3,"column":24},"end":{"line":3,"column":25}},"loc":{"start":{"line":3,"column":30},"end":{"line":20,"column":1}},"line":3},"1":{"name":"(anonymous_1)","decl":{"start":{"line":8,"column":12},"end":{"line":8,"column":13}},"loc":{"start":{"line":8,"column":18},"end":{"line":16,"column":3}},"line":8},"2":{"name":"(anonymous_2)","decl":{"start":{"line":9,"column":39},"end":{"line":9,"column":40}},"loc":{"start":{"line":9,"column":45},"end":{"line":11,"column":5}},"line":9},"3":{"name":"(anonymous_3)","decl":{"start":{"line":13,"column":38},"end":{"line":13,"column":39}},"loc":{"start":{"line":13,"column":44},"end":{"line":15,"column":5}},"line":13}},"branchMap":{},"s":{"0":1,"1":5,"2":5,"3":4,"4":0,"5":4,"6":0,"7":5},"f":{"0":5,"1":4,"2":0,"3":0},"b":{},"_coverageSchema":"1a1c01bbd47fc00a2c39e90264f33305004495a9","hash":"abd7e406f0ac5e2ab4f2b92c25ef4c203e09cca0"}
}
