TN:
SF:src\components\Body.js
FN:9,(anonymous_0)
FN:21,(anonymous_1)
FN:28,(anonymous_2)
FN:71,(anonymous_3)
FN:77,(anonymous_4)
FN:80,(anonymous_5)
FN:94,(anonymous_6)
FN:98,(anonymous_7)
FN:112,(anonymous_8)
FN:129,(anonymous_9)
FNF:10
FNH:3
FNDA:6,(anonymous_0)
FNDA:1,(anonymous_1)
FNDA:1,(anonymous_2)
FNDA:0,(anonymous_3)
FNDA:0,(anonymous_4)
FNDA:0,(anonymous_5)
FNDA:0,(anonymous_6)
FNDA:0,(anonymous_7)
FNDA:0,(anonymous_8)
FNDA:0,(anonymous_9)
DA:9,1
DA:11,6
DA:12,5
DA:13,5
DA:15,5
DA:21,5
DA:22,1
DA:28,5
DA:29,1
DA:32,1
DA:33,1
DA:36,1
DA:38,1
DA:39,1
DA:43,5
DA:45,5
DA:46,0
DA:52,5
DA:60,5
DA:72,0
DA:79,0
DA:81,0
DA:83,0
DA:97,0
DA:98,0
DA:100,0
DA:112,0
DA:130,0
LF:28
LH:18
BRDA:45,0,0,0
BRDA:45,0,1,5
BRDA:60,1,0,1
BRDA:60,1,1,0
BRDA:135,2,0,0
BRDA:135,2,1,0
BRF:6
BRH:2
end_of_record
TN:
SF:src\components\RestaurantCard.js
FN:24,(anonymous_0)
FN:62,(anonymous_1)
FN:63,(anonymous_2)
FNF:3
FNH:2
FNDA:1,(anonymous_0)
FNDA:5,(anonymous_1)
FNDA:0,(anonymous_2)
DA:6,2
DA:24,2
DA:25,1
DA:35,1
DA:39,1
DA:62,2
DA:63,5
DA:64,0
LF:8
LH:7
BRDA:29,0,0,1
BRDA:30,1,0,1
BRDA:31,2,0,1
BRDA:32,3,0,1
BRDA:33,4,0,1
BRDA:34,5,0,1
BRDA:48,6,0,0
BRDA:48,6,1,1
BRF:8
BRH:7
end_of_record
